{
  "0 debug pnpm:scope": {
    "selected": 1,
    "workspacePrefix": null
  },
  "1 debug pnpm": {
    "isCaseSensitive": null,
    "store": "/home/jefferson/.pnpm-store/2"
  },
  "2 error pnpm": {
    "message": {
      "errno": -13,
      "code": "EACCES",
      "syscall": "mkdir",
      "path": "/home/jefferson/.pnpm-store/2/_locks/d9bc78381570e11d3a39829d3ab38525f45529d3.lock"
    },
    "err": {
      "name": "Error",
      "message": "EACCES: permission denied, mkdir '/home/jefferson/.pnpm-store/2/_locks/d9bc78381570e11d3a39829d3ab38525f45529d3.lock'",
      "code": "EACCES",
      "stack": "Error: EACCES: permission denied, mkdir '/home/jefferson/.pnpm-store/2/_locks/d9bc78381570e11d3a39829d3ab38525f45529d3.lock'"
    }
  }
}